Sat Feb 03 10:17:08 ICT 2024
Package: package_1706928378265.awf
Install
Write Revision: 17108
----------------Plugins----------------
   jd/plugins/decrypter/DiskYandexNetFolder.class
   jd/plugins/decrypter/IgnCom.class
   jd/plugins/decrypter/ImgurComGallery.class
   jd/plugins/decrypter/JpgChurchCrawler.class
   jd/plugins/decrypter/PornHubComVideoCrawler$1.class
   jd/plugins/decrypter/PornHubComVideoCrawler.class
   jd/plugins/decrypter/RuTubeRuDecrypter.class
   jd/plugins/decrypter/SoundCloudComDecrypter.class
   jd/plugins/decrypter/TiktokComCrawler$1.class
   jd/plugins/decrypter/TiktokComCrawler.class
   jd/plugins/hoster/ClicknuploadOrg.class
   jd/plugins/hoster/DarkiboxCom.class
   jd/plugins/hoster/DoodstreamCom.class
   jd/plugins/hoster/FacecastNet.class
   jd/plugins/hoster/FikperCom$1.class
   jd/plugins/hoster/FikperCom$2.class
   jd/plugins/hoster/FikperCom$FikperAccountFactory$1.class
   jd/plugins/hoster/FikperCom$FikperAccountFactory.class
   jd/plugins/hoster/FikperCom.class
   jd/plugins/hoster/IcedriveNet.class
   jd/plugins/hoster/ImgurComHoster$1.class
   jd/plugins/hoster/ImgurComHoster$2.class
   jd/plugins/hoster/ImgurComHoster$3.class
   jd/plugins/hoster/ImgurComHoster$4.class
   jd/plugins/hoster/ImgurComHoster$5.class
   jd/plugins/hoster/ImgurComHoster$6.class
   jd/plugins/hoster/ImgurComHoster$RESPONSE_TYPE.class
   jd/plugins/hoster/ImgurComHoster.class
   jd/plugins/hoster/IvooxCom.class
   jd/plugins/hoster/JavhdCom.class
   jd/plugins/hoster/JpgChurch.class
   jd/plugins/hoster/OneFichierCom.class
   jd/plugins/hoster/PornhitsCom.class
   jd/plugins/hoster/RealDebridCom$3.class
   jd/plugins/hoster/RealDebridCom$4.class
   jd/plugins/hoster/RealDebridCom$5.class
   jd/plugins/hoster/RealDebridCom$6.class
   jd/plugins/hoster/RealDebridCom$7.class
   jd/plugins/hoster/RealDebridCom.class
   jd/plugins/hoster/Tb7Pl.class
   jd/plugins/hoster/TiktokCom.class
   jd/plugins/hoster/WatchMdhTo.class
   jd/plugins/hoster/WrzucajPl.class
   jd/plugins/hoster/XHamsterCom$1.class
   jd/plugins/hoster/XHamsterCom.class
   jd/plugins/hoster/Xt7Pl$1.class
   jd/plugins/hoster/Xt7Pl$2.class
   jd/plugins/hoster/Xt7Pl.class
   jd/plugins/hoster/ZeveraCore$3.class
   jd/plugins/hoster/ZeveraCore.class
----------------Extensions----------------
----------------Direct Files----------------
   build.json
----------------Core Files----------------
