Wed Mar 06 17:03:12 ICT 2024
Package: package_1707539269648.awf
Install
Write Revision: 17123
----------------Plugins----------------
   jd/plugins/decrypter/ManyvidsComCrawler.class
   jd/plugins/decrypter/MissavComCrawler.class
   jd/plugins/hoster/BtafileCom.class
   jd/plugins/hoster/FilerNet.class
   jd/plugins/hoster/GrabItShareCom.class
   jd/plugins/hoster/LulustreamCom.class
   jd/plugins/hoster/MegaConz$1.class
   jd/plugins/hoster/MegaConz$2.class
   jd/plugins/hoster/MegaConz$3.class
   jd/plugins/hoster/MegaConz$MegaDownloadLinkDownloadable.class
   jd/plugins/hoster/MegaConz$MegaHashCheck$1.class
   jd/plugins/hoster/MegaConz$MegaHashCheck.class
   jd/plugins/hoster/MegaConz.class
   jd/plugins/hoster/MissavCom.class
   jd/plugins/hoster/OboomIo.class
   jd/plugins/hoster/RapidGatorNet.class
   jd/plugins/hoster/SharingWtf.class
----------------Extensions----------------
----------------Direct Files----------------
   build.json
----------------Core Files----------------
Package: package_1709719356872.awf
Install
Write Revision: 17182
----------------Plugins----------------
   jd/plugins/decrypter/AparatCom.class
   jd/plugins/decrypter/ArchivebateComCrawler.class
   jd/plugins/decrypter/ArteMediathekV3$1.class
   jd/plugins/decrypter/ArteMediathekV3$Language.class
   jd/plugins/decrypter/ArteMediathekV3$SubtitleType.class
   jd/plugins/decrypter/ArteMediathekV3$VersionType.class
   jd/plugins/decrypter/ArteMediathekV3.class
   jd/plugins/decrypter/AventertainmentsComCrawler.class
   jd/plugins/decrypter/BandCampComDecrypter.class
   jd/plugins/decrypter/BbcComDecrypter.class
   jd/plugins/decrypter/BunkrAlbum.class
   jd/plugins/decrypter/CivitaiComCrawler.class
   jd/plugins/decrypter/ClickaCc.class
   jd/plugins/decrypter/FaceBookComGallery.class
   jd/plugins/decrypter/FilerNetFolder.class
   jd/plugins/decrypter/GenericM3u8Decrypter.class
   jd/plugins/decrypter/GenericNZBDecrypter.class
   jd/plugins/decrypter/GenericYetiShareFolder.class
   jd/plugins/decrypter/GoogleDriveDirectoryIndexCrawler.class
   jd/plugins/decrypter/HdencodeOrg.class
   jd/plugins/decrypter/HotpornfileOrg.class
   jd/plugins/decrypter/ImageFapCrawler.class
   jd/plugins/decrypter/JustPasteIt.class
   jd/plugins/decrypter/LinkboxToCrawler.class
   jd/plugins/decrypter/LinkboxToCrawlerShorturls.class
   jd/plugins/decrypter/MegaConz.class
   jd/plugins/decrypter/MicrosoftComCrawler.class
   jd/plugins/decrypter/MicrosoftComDecrypter.class.removed
   jd/plugins/decrypter/MicrosoftComShorturlCrawler.class
   jd/plugins/decrypter/ORFMediathekDecrypter.class.removed
   jd/plugins/decrypter/OneTwoThreePanComFolder.class
   jd/plugins/decrypter/OrfAt$1.class
   jd/plugins/decrypter/OrfAt.class
   jd/plugins/decrypter/PinterestComDecrypter$1.class
   jd/plugins/decrypter/PinterestComDecrypter.class
   jd/plugins/decrypter/PixivNetGallery.class
   jd/plugins/decrypter/PonyFm.class
   jd/plugins/decrypter/PornHubComVideoCrawler$1.class
   jd/plugins/decrypter/PornHubComVideoCrawler.class
   jd/plugins/decrypter/PorncomixinfoNet.class
   jd/plugins/decrypter/ProtectedTo.class
   jd/plugins/decrypter/RecurbateComProfile.class
   jd/plugins/decrypter/RedditComCrawler.class
   jd/plugins/decrypter/SimFileShareNetFolder.class
   jd/plugins/decrypter/TeraboxComFolder.class
   jd/plugins/decrypter/TwitterComCrawler$1.class
   jd/plugins/decrypter/TwitterComCrawler$ProfileCrawlMode.class
   jd/plugins/decrypter/TwitterComCrawler.class
   jd/plugins/decrypter/VideofloppyCom.class
   jd/plugins/decrypter/VimeoComDecrypter$1.class
   jd/plugins/decrypter/VimeoComDecrypter.class
   jd/plugins/decrypter/VoeSxCrawler.class
   jd/plugins/decrypter/VscoCoCrawler.class
   jd/plugins/decrypter/WeTransferComFolder.class
   jd/plugins/decrypter/WebShareCzFolder.class
   jd/plugins/decrypter/XiaoshenkeNetCrawler.class
   jd/plugins/decrypter/ZDFMediathekDecrypter.class
   jd/plugins/hoster/AllDebridCom.class
   jd/plugins/hoster/AnonfilesMe.class
   jd/plugins/hoster/AventertainmentsCom.class
   jd/plugins/hoster/BandCampCom.class
   jd/plugins/hoster/BbcCom.class
   jd/plugins/hoster/BoxbitApp.class
   jd/plugins/hoster/Bunkr.class
   jd/plugins/hoster/ChipDe.class
   jd/plugins/hoster/CivitaiCom.class
   jd/plugins/hoster/CocoleechCom$CocoleechAccountFactory$1.class
   jd/plugins/hoster/CocoleechCom$CocoleechAccountFactory.class
   jd/plugins/hoster/CocoleechCom.class
   jd/plugins/hoster/CtDiskCom.class
   jd/plugins/hoster/DailyleechCom.class
   jd/plugins/hoster/DepositFiles.class
   jd/plugins/hoster/DirectHTTP.class
   jd/plugins/hoster/DoodstreamCom.class
   jd/plugins/hoster/EHentaiOrg.class
   jd/plugins/hoster/FaceBookComVideos.class
   jd/plugins/hoster/FikperCom$FikperAccountFactory$1.class
   jd/plugins/hoster/FikperCom$FikperAccountFactory.class
   jd/plugins/hoster/FikperCom.class
   jd/plugins/hoster/FileFactory.class
   jd/plugins/hoster/FilerNet$1.class
   jd/plugins/hoster/FilerNet.class
   jd/plugins/hoster/FilesMonsterCom.class
   jd/plugins/hoster/Ftp.class
   jd/plugins/hoster/GenericM3u8$1.class
   jd/plugins/hoster/GenericM3u8.class
   jd/plugins/hoster/GigaDownCom.class
   jd/plugins/hoster/GoProCloud.class
   jd/plugins/hoster/GoogleDriveDirectoryIndex.class
   jd/plugins/hoster/GrabItShareCom.class
   jd/plugins/hoster/HexuploadNet.class
   jd/plugins/hoster/IceyfileCom.class
   jd/plugins/hoster/ImageFap$1.class
   jd/plugins/hoster/ImageFap$2.class
   jd/plugins/hoster/ImageFap.class
   jd/plugins/hoster/KemonoParty.class
   jd/plugins/hoster/KenfilesCom.class
   jd/plugins/hoster/KernelVideoSharingComV2$1.class
   jd/plugins/hoster/KernelVideoSharingComV2.class
   jd/plugins/hoster/KernelVideoSharingComV2HostsDefault.class
   jd/plugins/hoster/KernelVideoSharingHdzogCom.class
   jd/plugins/hoster/KernelVideoSharingNudogramCom.class
   jd/plugins/hoster/KernelVideoSharingShooshtimeCom.class
   jd/plugins/hoster/KinkCom$1.class
   jd/plugins/hoster/KinkCom.class
   jd/plugins/hoster/LeechallIo.class
   jd/plugins/hoster/LetsuploadCo.class.removed
   jd/plugins/hoster/LinkboxTo.class
   jd/plugins/hoster/LinkgenVip.class
   jd/plugins/hoster/LiteroticaCom.class
   jd/plugins/hoster/MediafireCom.class
   jd/plugins/hoster/MicrosoftCom.class
   jd/plugins/hoster/MissavCom.class
   jd/plugins/hoster/MvpdjCom.class
   jd/plugins/hoster/MyqloudOrg.class
   jd/plugins/hoster/NicoVideoJp$HeartbeatThread.class
   jd/plugins/hoster/NicoVideoJp.class
   jd/plugins/hoster/NitroFlareCom.class
   jd/plugins/hoster/ORFMediathek$1.class
   jd/plugins/hoster/ORFMediathek.class
   jd/plugins/hoster/Offline.class
   jd/plugins/hoster/OkRu$1.class
   jd/plugins/hoster/OkRu.class
   jd/plugins/hoster/OldGamesCom$OldGamesComAccountFactory$1.class
   jd/plugins/hoster/OldGamesCom$OldGamesComAccountFactory.class
   jd/plugins/hoster/OldGamesCom.class
   jd/plugins/hoster/OncamMe.class
   jd/plugins/hoster/OneFichierCom$1.class
   jd/plugins/hoster/OneFichierCom$OnefichierAccountFactory$1.class
   jd/plugins/hoster/OneFichierCom$OnefichierAccountFactory.class
   jd/plugins/hoster/OneFichierCom.class
   jd/plugins/hoster/OneTwoThreePanCom.class
   jd/plugins/hoster/OpenDriveCom$MODE.class
   jd/plugins/hoster/OpenDriveCom.class
   jd/plugins/hoster/PinterestCom$1.class
   jd/plugins/hoster/PinterestCom.class
   jd/plugins/hoster/PixeldrainCom.class
   jd/plugins/hoster/PornHubCom$1.class
   jd/plugins/hoster/PornHubCom$2$1.class
   jd/plugins/hoster/PornHubCom$2.class
   jd/plugins/hoster/PornHubCom$BouncyCastleAESCounterModeDecrypt.class
   jd/plugins/hoster/PornHubCom.class
   jd/plugins/hoster/PremiumTo$1.class
   jd/plugins/hoster/PremiumTo$2.class
   jd/plugins/hoster/PremiumTo$3.class
   jd/plugins/hoster/PremiumTo$PremiumDotToConfigInterface$Translation.class
   jd/plugins/hoster/PremiumTo$PremiumDotToConfigInterface.class
   jd/plugins/hoster/PremiumTo.class
   jd/plugins/hoster/RapidGatorNet.class
   jd/plugins/hoster/RapidoxPl.class
   jd/plugins/hoster/RecurbateCom.class
   jd/plugins/hoster/RomHustler.class
   jd/plugins/hoster/RosefileNet.class
   jd/plugins/hoster/SendCm.class
   jd/plugins/hoster/ShesFreakyCom.class
   jd/plugins/hoster/SimFileShareNet.class
   jd/plugins/hoster/SoundcloudCom$1.class
   jd/plugins/hoster/SoundcloudCom$2.class
   jd/plugins/hoster/SoundcloudCom$AudioQualitySelectionMode$1.class
   jd/plugins/hoster/SoundcloudCom$AudioQualitySelectionMode$2.class
   jd/plugins/hoster/SoundcloudCom$AudioQualitySelectionMode$3.class
   jd/plugins/hoster/SoundcloudCom$AudioQualitySelectionMode.class
   jd/plugins/hoster/SoundcloudCom.class
   jd/plugins/hoster/SunPornoCom.class
   jd/plugins/hoster/Tb7AndXt7PlCORE$1.class
   jd/plugins/hoster/Tb7AndXt7PlCORE$2.class
   jd/plugins/hoster/Tb7AndXt7PlCORE.class
   jd/plugins/hoster/TwitterCom.class
   jd/plugins/hoster/TwojplikPl.class
   jd/plugins/hoster/UlozTo.class
   jd/plugins/hoster/UploadflixCc.class
   jd/plugins/hoster/UqloadCom.class
   jd/plugins/hoster/VeevTo$1.class
   jd/plugins/hoster/VeevTo.class
   jd/plugins/hoster/VidkerCom.class
   jd/plugins/hoster/VimeoCom$1.class
   jd/plugins/hoster/VimeoCom$VIMEO_URL_TYPE.class
   jd/plugins/hoster/VimeoCom$WrongRefererException.class
   jd/plugins/hoster/VimeoCom.class
   jd/plugins/hoster/VoeSx$1.class
   jd/plugins/hoster/VoeSx.class
   jd/plugins/hoster/VscoCo.class
   jd/plugins/hoster/VudeoWs.class
   jd/plugins/hoster/WeTransferCom$1.class
   jd/plugins/hoster/WeTransferCom$2.class
   jd/plugins/hoster/WeTransferCom$WetransferConfig$CrawlMode$1.class
   jd/plugins/hoster/WeTransferCom$WetransferConfig$CrawlMode$2.class
   jd/plugins/hoster/WeTransferCom$WetransferConfig$CrawlMode$3.class
   jd/plugins/hoster/WeTransferCom$WetransferConfig$CrawlMode$4.class
   jd/plugins/hoster/WeTransferCom$WetransferConfig$CrawlMode.class
   jd/plugins/hoster/WeTransferCom$WetransferConfig$TRANSLATION.class
   jd/plugins/hoster/WeTransferCom$WetransferConfig.class
   jd/plugins/hoster/WeTransferCom.class
   jd/plugins/hoster/WebShareCz.class
   jd/plugins/hoster/XfreehdCom.class
   jd/plugins/hoster/XupIn.class
   jd/plugins/hoster/XvideosCore$1.class
   jd/plugins/hoster/XvideosCore.class
   jd/plugins/hoster/YouPornCom.class
   jd/plugins/hoster/ZdfDeMediathek$ZdfmediathekConfigInterface$SubtitleType$1.class
   jd/plugins/hoster/ZdfDeMediathek$ZdfmediathekConfigInterface$SubtitleType$2.class
   jd/plugins/hoster/ZdfDeMediathek$ZdfmediathekConfigInterface$SubtitleType$3.class
   jd/plugins/hoster/ZdfDeMediathek$ZdfmediathekConfigInterface$SubtitleType.class
   jd/plugins/hoster/ZdfDeMediathek$ZdfmediathekConfigInterface$TRANSLATION.class
   jd/plugins/hoster/ZdfDeMediathek$ZdfmediathekConfigInterface.class
   jd/plugins/hoster/ZdfDeMediathek.class
   jd/plugins/hoster/ZeveraCore$1.class
   jd/plugins/hoster/ZeveraCore$2.class
   jd/plugins/hoster/ZeveraCore$3.class
   jd/plugins/hoster/ZeveraCore.class
----------------Extensions----------------
----------------Direct Files----------------
   build.json
----------------Core Files----------------
